<?xml version="1.0" encoding="UTF-8"?>
<testng-results skipped="0" failed="0" ignored="0" total="1" passed="1">
  <reporter-output>
  </reporter-output>
  <suite name="Test.TestScript" duration-ms="36971" started-at="2020-09-17T12:50:53 IST" finished-at="2020-09-17T12:51:30 IST">
    <groups>
    </groups>
    <test name="Command line test" duration-ms="36971" started-at="2020-09-17T12:50:53 IST" finished-at="2020-09-17T12:51:30 IST">
      <class name="Test.TestScript">
        <test-method status="PASS" signature="setUp()[pri:0, instance:Test.TestScript@271053e1]" name="setUp" is-config="true" duration-ms="17927" started-at="2020-09-17T12:50:53 IST" finished-at="2020-09-17T12:51:11 IST">
          <reporter-output>
          </reporter-output>
        </test-method> <!-- setUp -->
        <test-method status="PASS" signature="verify()[pri:0, instance:Test.TestScript@271053e1]" name="verify" duration-ms="17855" started-at="2020-09-17T12:51:11 IST" finished-at="2020-09-17T12:51:29 IST">
          <reporter-output>
          </reporter-output>
        </test-method> <!-- verify -->
        <test-method status="PASS" signature="tearDown()[pri:0, instance:Test.TestScript@271053e1]" name="tearDown" is-config="true" duration-ms="1111" started-at="2020-09-17T12:51:29 IST" finished-at="2020-09-17T12:51:30 IST">
          <reporter-output>
          </reporter-output>
        </test-method> <!-- tearDown -->
      </class> <!-- Test.TestScript -->
    </test> <!-- Command line test -->
  </suite> <!-- Test.TestScript -->
</testng-results>
