<?xml version="1.0" encoding="UTF-8"?>
<testng-results skipped="0" failed="0" ignored="0" total="1" passed="1">
  <reporter-output>
  </reporter-output>
  <suite name="Default suite" duration-ms="34165" started-at="2020-09-17T12:28:33 IST" finished-at="2020-09-17T12:29:07 IST">
    <groups>
    </groups>
    <test name="Default test" duration-ms="34165" started-at="2020-09-17T12:28:33 IST" finished-at="2020-09-17T12:29:07 IST">
      <class name="Test.TestScript">
        <test-method status="PASS" signature="setUp()[pri:0, instance:Test.TestScript@1d29cf23]" name="setUp" is-config="true" duration-ms="14436" started-at="2020-09-17T12:28:33 IST" finished-at="2020-09-17T12:28:48 IST">
          <reporter-output>
          </reporter-output>
        </test-method> <!-- setUp -->
        <test-method status="PASS" signature="verify()[pri:0, instance:Test.TestScript@1d29cf23]" name="verify" duration-ms="18138" started-at="2020-09-17T12:28:48 IST" finished-at="2020-09-17T12:29:06 IST">
          <reporter-output>
          </reporter-output>
        </test-method> <!-- verify -->
        <test-method status="PASS" signature="tearDown()[pri:0, instance:Test.TestScript@1d29cf23]" name="tearDown" is-config="true" duration-ms="1403" started-at="2020-09-17T12:29:06 IST" finished-at="2020-09-17T12:29:07 IST">
          <reporter-output>
          </reporter-output>
        </test-method> <!-- tearDown -->
      </class> <!-- Test.TestScript -->
    </test> <!-- Default test -->
  </suite> <!-- Default suite -->
</testng-results>
